2018-01-24 00:28:49.435 [7f601e8ee700:MESS]  Starting xdag, version T13.654-T13.847
2018-01-24 00:28:49.454 [7f601e8ee700:MESS]  Starting synchonization engine...
2018-01-24 00:28:49.454 [7f601e8ee700:MESS]  Starting dnet transport...
2018-01-24 00:29:02.365 [7f253105b700:MESS]  Starting xdag, version T13.654-T13.847
2018-01-24 00:29:02.365 [7f253105b700:MESS]  Starting synchonization engine...
2018-01-24 00:29:02.365 [7f253105b700:MESS]  Starting dnet transport...
2018-01-24 00:30:05.327 [7f253105b700:MESS]  Initializing log system...
2018-01-24 00:30:05.327 [7f253105b700:MESS]  Initializing cryptography...
2018-01-24 00:30:05.479 [7f253105b700:MESS]  Reading wallet...
2018-01-24 00:30:05.480 [7f253105b700:MESS]  Initializing addresses...
2018-01-24 00:30:05.480 [7f253105b700:MESS]  Starting blocks engine...
2018-01-24 00:30:05.480 [7f253105b700:MESS]  Starting pool engine...
2018-01-24 00:30:05.480 [7f252e9c4700:MESS]  Loading blocks from local storage...
2018-01-24 00:30:05.480 [7f252e9c4700:MESS]  Starting mining threads...
2018-01-24 00:30:05.481 [7f252e9c4700:INFO]  Create: baf4077096cc54b9fa04d8b649aff6208f333bf0d146bdf6a30a665136911f05 t=1699f4e35ec pos=1
2018-01-24 00:30:05.482 [7f252e9c4700:INFO]  Diff  : 0000000015e8c2c54 (+0000000015e8c2c54)
2018-01-24 00:30:05.482 [7f252e9c4700:INFO]  Good +: baf4077096cc54b9fa04d8b649aff6208f333bf0d146bdf6a30a665136911f05 t=1699f4e35ec pos=0
2018-01-24 00:30:05.482 [7f252e9c4700:MESS]  Entering main cycle...
2018-01-24 00:30:05.582 [7f253105b700:MESS]  Starting terminal server...
2018-01-24 00:30:05.582 [7f252d1c1700:INFO]  Terminal thread entered main cycle
2018-01-24 00:30:05.720 [7f252d9c2700:INFO]  Sent  : baf4077096cc54b9fa04d8b649aff6208f333bf0d146bdf6a30a665136911f05 t=1699f4e35ec res=0
2018-01-24 00:30:07.876 [7f252d9c2700:INFO]  Task  : t=1699f4effff N=1
2018-01-24 00:30:07.876 [7f252d9c2700:INFO]  Share : ba4e613e9ba375dfb0a9c0910741e87096be63fcbd33ff5272dda38c2135d150 t=1699f4effff res=0
2018-01-24 00:30:17.877 [7f252d9c2700:INFO]  Share : 000000d44b620b9efcc5ba3294985b262bef1eecee7ab0ab7ea85ea61d027d19 t=1699f4effff res=0
2018-01-24 00:30:59.076 [7fbd5d8a5700:MESS]  Starting xdag, version T13.654-T13.847
2018-01-24 00:30:59.076 [7fbd5d8a5700:MESS]  Starting synchonization engine...
2018-01-24 00:30:59.076 [7fbd5d8a5700:MESS]  Starting dnet transport...
2018-01-24 00:31:02.830 [7fbd5d8a5700:MESS]  Initializing log system...
2018-01-24 00:31:02.830 [7fbd5d8a5700:MESS]  Initializing cryptography...
2018-01-24 00:31:02.982 [7fbd5d8a5700:MESS]  Reading wallet...
2018-01-24 00:31:02.983 [7fbd5d8a5700:MESS]  Initializing addresses...
2018-01-24 00:31:02.983 [7fbd5d8a5700:MESS]  Starting blocks engine...
2018-01-24 00:31:02.983 [7fbd5d8a5700:MESS]  Starting pool engine...
2018-01-24 00:31:02.983 [7fbd5b20e700:MESS]  Loading blocks from local storage...
2018-01-24 00:31:02.984 [7fbd5b20e700:INFO]  Pretop: baf4077096cc54b9fa04d8b649aff6208f333bf0d146bdf6a30a665136911f05 t=1699f4e35ec pos=0
2018-01-24 00:31:02.984 [7fbd5b20e700:INFO]  Diff  : 0000000015e8c2c54 (+0000000015e8c2c54)
2018-01-24 00:31:02.984 [7fbd5b20e700:INFO]  Good +: baf4077096cc54b9fa04d8b649aff6208f333bf0d146bdf6a30a665136911f05 t=1699f4e35ec pos=0
2018-01-24 00:31:02.984 [7fbd5b20e700:MESS]  Starting mining threads...
2018-01-24 00:31:02.984 [7fbd5b20e700:MESS]  Entering main cycle...
2018-01-24 00:31:03.085 [7fbd5d8a5700:MESS]  Starting terminal server...
2018-01-24 00:31:03.085 [7fbd49ffb700:INFO]  Terminal thread entered main cycle
2018-01-24 00:31:03.214 [7fbd4a7fc700:INFO]  Sent  : baf4077096cc54b9fa04d8b649aff6208f333bf0d146bdf6a30a665136911f05 t=1699f4e35ec res=0
2018-01-24 00:31:04.366 [7fbd4a7fc700:INFO]  Task  : t=1699f4fffff N=1
2018-01-24 00:31:04.366 [7fbd4a7fc700:INFO]  Share : 0e50f11a4229af6010ba139783b6434935d4d78d5afb25aa70a38d50a03a47ef t=1699f4fffff res=0
2018-01-24 00:31:14.367 [7fbd4a7fc700:INFO]  Share : 00000029d4c0cc1cfe2da754ce88a407dde6791c00ac81de2214cf6206db6c93 t=1699f4fffff res=0
2018-01-24 00:31:24.368 [7fbd4a7fc700:INFO]  Share : 00000029d4c0cc1cfe2da754ce88a407dde6791c00ac81de2214cf6206db6c93 t=1699f4fffff res=0
2018-01-24 00:31:34.369 [7fbd4a7fc700:INFO]  Share : 00000029d4c0cc1cfe2da754ce88a407dde6791c00ac81de2214cf6206db6c93 t=1699f4fffff res=0
2018-01-24 00:31:44.370 [7fbd4a7fc700:INFO]  Share : 000000051db348d2330109986e5849334da766f1d1b7298b1ec62d7d5d8e0d1f t=1699f4fffff res=0
2018-01-24 00:31:54.370 [7fbd4a7fc700:INFO]  Share : 000000051db348d2330109986e5849334da766f1d1b7298b1ec62d7d5d8e0d1f t=1699f4fffff res=0
2018-01-24 00:32:01.935 [7fbd4a7fc700:INFO]  Task  : t=1699f50ffff N=2
2018-01-24 00:32:02.523 [7fbd4a7fc700:INFO]  Task  : t=1699f50ffff N=3
2018-01-24 00:32:04.524 [7fbd4a7fc700:INFO]  Share : 000000c0439fd4e451256d485816dd673bd6ac86a5994d6e3c09150c5ab432be t=1699f50ffff res=0
2018-01-24 00:32:14.525 [7fbd4a7fc700:INFO]  Share : 0000004145902509819c4a56686c4228171cd1ff5876aafc8fb4cd4a9e1459f7 t=1699f50ffff res=0
2018-01-24 00:32:24.525 [7fbd4a7fc700:INFO]  Share : 0000004145902509819c4a56686c4228171cd1ff5876aafc8fb4cd4a9e1459f7 t=1699f50ffff res=0
2018-01-24 00:32:34.526 [7fbd4a7fc700:INFO]  Share : 0000003300dc846373c649c2bd472dc947734d6b94dff02507f14dfd4fc2a9ce t=1699f50ffff res=0
2018-01-24 00:32:44.527 [7fbd4a7fc700:INFO]  Share : 0000001cf61a944f1d0f0a3b16f92b6d04e65c00efbeff084b67277bf3d76567 t=1699f50ffff res=0
2018-01-24 00:32:54.528 [7fbd4a7fc700:INFO]  Share : 0000001cf61a944f1d0f0a3b16f92b6d04e65c00efbeff084b67277bf3d76567 t=1699f50ffff res=0
2018-01-24 00:33:04.529 [7fbd4a7fc700:INFO]  Share : 0000001cf61a944f1d0f0a3b16f92b6d04e65c00efbeff084b67277bf3d76567 t=1699f50ffff res=0
2018-01-24 00:33:06.093 [7fbd4a7fc700:INFO]  Task  : t=1699f51ffff N=4
2018-01-24 00:33:14.094 [7fbd4a7fc700:INFO]  Share : 0000003a9296cdc1163efabccc9b463b52c33987aca00cd85927813690981c8a t=1699f51ffff res=0
2018-01-24 00:33:24.095 [7fbd4a7fc700:INFO]  Share : 00000034756d90af11da2282be0df5b1f97cab220f510df302f1c0e05c751219 t=1699f51ffff res=0
2018-01-24 00:33:34.096 [7fbd4a7fc700:INFO]  Share : 00000034756d90af11da2282be0df5b1f97cab220f510df302f1c0e05c751219 t=1699f51ffff res=0
2018-01-24 00:33:44.097 [7fbd4a7fc700:INFO]  Share : 00000034756d90af11da2282be0df5b1f97cab220f510df302f1c0e05c751219 t=1699f51ffff res=0
2018-01-24 00:33:54.098 [7fbd4a7fc700:INFO]  Share : 0000000e93eeecc741651ddc3e94af9629020f49f93ea022f320dfb84a5095fe t=1699f51ffff res=0
2018-01-24 00:34:04.099 [7fbd4a7fc700:INFO]  Share : 000000031b06b4f9661c8dfc98d16a74b3d20ac996b4855ff48ae8ae908accd7 t=1699f51ffff res=0
2018-01-24 00:34:11.617 [7fbd4a7fc700:INFO]  Task  : t=1699f52ffff N=5
2018-01-24 00:34:14.617 [7fbd4a7fc700:INFO]  Share : 00000072042b4b3147a71f1eeac32f1c963656176a81ed5db1a02ffe1b2f7f5e t=1699f52ffff res=0
2018-01-24 00:34:24.618 [7fbd4a7fc700:INFO]  Share : 00000072042b4b3147a71f1eeac32f1c963656176a81ed5db1a02ffe1b2f7f5e t=1699f52ffff res=0
2018-01-24 00:34:34.619 [7fbd4a7fc700:INFO]  Share : 0000002dbc43435fae4ab35928dc652eb42afc59d8fcd4ba11b2ea0d0a4ad8ad t=1699f52ffff res=0
2018-01-24 00:34:44.620 [7fbd4a7fc700:INFO]  Share : 0000002dbc43435fae4ab35928dc652eb42afc59d8fcd4ba11b2ea0d0a4ad8ad t=1699f52ffff res=0
2018-01-24 00:34:54.621 [7fbd4a7fc700:INFO]  Share : 0000002dbc43435fae4ab35928dc652eb42afc59d8fcd4ba11b2ea0d0a4ad8ad t=1699f52ffff res=0
2018-01-24 00:35:04.622 [7fbd4a7fc700:INFO]  Share : 0000002dbc43435fae4ab35928dc652eb42afc59d8fcd4ba11b2ea0d0a4ad8ad t=1699f52ffff res=0
2018-01-24 00:35:14.141 [7fbd4a7fc700:INFO]  Task  : t=1699f53ffff N=6
2018-01-24 00:35:14.142 [7fbd4a7fc700:INFO]  Share : e800c6538ac26143b6129e7953bb7fcfaf9f2e7d62786a01aeda8c688f7ab9c8 t=1699f53ffff res=0
2018-01-24 00:35:15.696 [7fbd4a7fc700:INFO]  Task  : t=1699f53ffff N=7
2018-01-24 00:35:24.697 [7fbd4a7fc700:INFO]  Share : 0000002afd2112427e029deaaae4996a6d1eb8d577d7f7b940c427469b169444 t=1699f53ffff res=0
2018-01-24 00:35:34.698 [7fbd4a7fc700:INFO]  Share : 0000001060ce0b2bc15b035d3da91d979907b9e19e0e0418780770f8cfe387b2 t=1699f53ffff res=0
2018-01-24 00:35:44.699 [7fbd4a7fc700:INFO]  Share : 0000001060ce0b2bc15b035d3da91d979907b9e19e0e0418780770f8cfe387b2 t=1699f53ffff res=0
2018-01-24 00:35:54.700 [7fbd4a7fc700:INFO]  Share : 000000051cf89eb31d924cf5e3c3729842ce2f874de782b1e827506fad1abf5c t=1699f53ffff res=0
2018-01-24 00:36:04.701 [7fbd4a7fc700:INFO]  Share : 000000051cf89eb31d924cf5e3c3729842ce2f874de782b1e827506fad1abf5c t=1699f53ffff res=0
2018-01-24 00:36:14.702 [7fbd4a7fc700:INFO]  Share : 000000051cf89eb31d924cf5e3c3729842ce2f874de782b1e827506fad1abf5c t=1699f53ffff res=0
2018-01-24 00:36:18.020 [7fbd4a7fc700:INFO]  Task  : t=1699f54ffff N=8
2018-01-24 00:36:19.618 [7fbd4a7fc700:INFO]  Task  : t=1699f54ffff N=9
2018-01-24 00:36:24.618 [7fbd4a7fc700:INFO]  Share : 0000014fbc8dbf1a0353b6a6fdb385802d2ad35f073da92b2101a97885e13bde t=1699f54ffff res=0
2018-01-24 00:36:34.619 [7fbd4a7fc700:INFO]  Share : 0000000d37981cb55c233f82ffa2e31e09214a9246aad646ef2932425202f3f3 t=1699f54ffff res=0
2018-01-24 00:36:44.620 [7fbd4a7fc700:INFO]  Share : 0000000d37981cb55c233f82ffa2e31e09214a9246aad646ef2932425202f3f3 t=1699f54ffff res=0
2018-01-24 00:36:54.621 [7fbd4a7fc700:INFO]  Share : 0000000d37981cb55c233f82ffa2e31e09214a9246aad646ef2932425202f3f3 t=1699f54ffff res=0
2018-01-24 00:37:04.622 [7fbd4a7fc700:INFO]  Share : 0000000d37981cb55c233f82ffa2e31e09214a9246aad646ef2932425202f3f3 t=1699f54ffff res=0
2018-01-24 00:37:14.623 [7fbd4a7fc700:INFO]  Share : 0000000d37981cb55c233f82ffa2e31e09214a9246aad646ef2932425202f3f3 t=1699f54ffff res=0
2018-01-24 00:37:21.234 [7fbd4a7fc700:INFO]  Task  : t=1699f55ffff N=10
2018-01-24 00:37:23.713 [7fbd4a7fc700:INFO]  Task  : t=1699f55ffff N=11
2018-01-24 00:37:24.714 [7fbd4a7fc700:INFO]  Share : 00000236a7a3cddf1080555fc538f0685b2e328acf1cbe5a985e1ffb858ba6f1 t=1699f55ffff res=0
2018-01-24 00:37:34.715 [7fbd4a7fc700:INFO]  Share : 00000007724f2190745327a1be7b93daec27a5b52bec1782a6595df20ae39f09 t=1699f55ffff res=0
2018-01-24 00:37:44.716 [7fbd4a7fc700:INFO]  Share : 00000007724f2190745327a1be7b93daec27a5b52bec1782a6595df20ae39f09 t=1699f55ffff res=0
2018-01-24 00:37:54.717 [7fbd4a7fc700:INFO]  Share : 00000007724f2190745327a1be7b93daec27a5b52bec1782a6595df20ae39f09 t=1699f55ffff res=0
2018-01-24 00:38:04.718 [7fbd4a7fc700:INFO]  Share : 00000007724f2190745327a1be7b93daec27a5b52bec1782a6595df20ae39f09 t=1699f55ffff res=0
2018-01-24 00:38:14.718 [7fbd4a7fc700:INFO]  Share : 00000007724f2190745327a1be7b93daec27a5b52bec1782a6595df20ae39f09 t=1699f55ffff res=0
2018-01-24 00:38:24.719 [7fbd4a7fc700:INFO]  Share : 000000053e3d89b14775787434ae58be3f267456f23f11b2839945e2836c0147 t=1699f55ffff res=0
2018-01-24 00:38:26.257 [7fbd4a7fc700:INFO]  Task  : t=1699f56ffff N=12
2018-01-24 00:38:27.826 [7fbd4a7fc700:INFO]  Task  : t=1699f56ffff N=13
2018-01-24 00:38:34.827 [7fbd4a7fc700:INFO]  Share : 0000005a978678fb7a4cbfc41aaf84454f1bbbcff3b1f805e7d67aa2fef72462 t=1699f56ffff res=0
2018-01-24 00:38:44.828 [7fbd4a7fc700:INFO]  Share : 0000001a0917be41d12efff5625b93dda0783b4d76f15e4fc42d1298b426773c t=1699f56ffff res=0
2018-01-24 00:38:54.829 [7fbd4a7fc700:INFO]  Share : 0000001a0917be41d12efff5625b93dda0783b4d76f15e4fc42d1298b426773c t=1699f56ffff res=0
2018-01-24 00:39:04.829 [7fbd4a7fc700:INFO]  Share : 0000000a68018f7b13def810d1bf0957d33efcf4d382e9102b291596ddb37e37 t=1699f56ffff res=0
2018-01-24 00:39:14.830 [7fbd4a7fc700:INFO]  Share : 000000034c39eb27ada21018d179f252cc8e8b08051352032b4148aa5641cee0 t=1699f56ffff res=0
2018-01-24 00:39:24.831 [7fbd4a7fc700:INFO]  Share : 000000034c39eb27ada21018d179f252cc8e8b08051352032b4148aa5641cee0 t=1699f56ffff res=0
2018-01-24 00:39:29.415 [7fbd4a7fc700:INFO]  Task  : t=1699f57ffff N=14
2018-01-24 00:39:31.881 [7fbd4a7fc700:INFO]  Task  : t=1699f57ffff N=15
2018-01-24 00:39:34.881 [7fbd4a7fc700:INFO]  Share : 000000eaec27b7c12b796ec1a3ee6f8797585e921761f639e49bf3d021c84b7a t=1699f57ffff res=0
2018-01-24 00:39:44.882 [7fbd4a7fc700:INFO]  Share : 00000046ab580d7b28b8b73e50ef18a95b1ffdde00b5f75869f8b44bb46a5488 t=1699f57ffff res=0
2018-01-24 00:39:54.883 [7fbd4a7fc700:INFO]  Share : 0000002e7a6b5d781c700c6139e64b8fb89982b6cbaf4cf1f51662145bb54aec t=1699f57ffff res=0
2018-01-24 00:40:04.884 [7fbd4a7fc700:INFO]  Share : 00000001ddf3eba1b15edc5475807c19e9da7ab75d0124a7c90b9303c7903465 t=1699f57ffff res=0
2018-01-24 00:40:14.885 [7fbd4a7fc700:INFO]  Share : 00000001ddf3eba1b15edc5475807c19e9da7ab75d0124a7c90b9303c7903465 t=1699f57ffff res=0
2018-01-24 00:40:24.886 [7fbd4a7fc700:INFO]  Share : 00000001ddf3eba1b15edc5475807c19e9da7ab75d0124a7c90b9303c7903465 t=1699f57ffff res=0
2018-01-24 00:40:34.887 [7fbd4a7fc700:INFO]  Share : 00000001ddf3eba1b15edc5475807c19e9da7ab75d0124a7c90b9303c7903465 t=1699f57ffff res=0
2018-01-24 00:40:35.421 [7fbd4a7fc700:INFO]  Task  : t=1699f58ffff N=16
2018-01-24 00:40:44.422 [7fbd4a7fc700:INFO]  Share : 00000016794d6271c344a7f1d80bc182cb3499f7b3f65df71fa46fa7a64bb062 t=1699f58ffff res=0
2018-01-24 00:40:54.423 [7fbd4a7fc700:INFO]  Share : 00000016794d6271c344a7f1d80bc182cb3499f7b3f65df71fa46fa7a64bb062 t=1699f58ffff res=0
2018-01-24 00:41:04.424 [7fbd4a7fc700:INFO]  Share : 00000016794d6271c344a7f1d80bc182cb3499f7b3f65df71fa46fa7a64bb062 t=1699f58ffff res=0
2018-01-24 00:41:14.425 [7fbd4a7fc700:INFO]  Share : 00000016085a03c03ff99cea6ba2bc4f0d7d776ce1590e9fa2d4f45ed3b18cef t=1699f58ffff res=0
2018-01-24 00:41:24.426 [7fbd4a7fc700:INFO]  Share : 00000016085a03c03ff99cea6ba2bc4f0d7d776ce1590e9fa2d4f45ed3b18cef t=1699f58ffff res=0
2018-01-24 00:41:34.427 [7fbd4a7fc700:INFO]  Share : 0000000f786afcd1753dddbb3c6f0c8e07b28338e623a554c23163b61f80010d t=1699f58ffff res=0
2018-01-24 00:41:37.928 [7fbd4a7fc700:INFO]  Task  : t=1699f59ffff N=17
2018-01-24 00:41:44.929 [7fbd4a7fc700:INFO]  Share : 0000006197f5e7fc5244ee1340e07c7630680f710f46b6c91aa3e627a30e68e9 t=1699f59ffff res=0
2018-01-24 00:41:54.930 [7fbd4a7fc700:INFO]  Share : 0000000346891cbfb0ebf5a41312f3b090d59f90ef12b557ba462ed754bf2bd2 t=1699f59ffff res=0
2018-01-24 00:42:04.931 [7fbd4a7fc700:INFO]  Share : 0000000346891cbfb0ebf5a41312f3b090d59f90ef12b557ba462ed754bf2bd2 t=1699f59ffff res=0
2018-01-24 00:42:14.932 [7fbd4a7fc700:INFO]  Share : 0000000346891cbfb0ebf5a41312f3b090d59f90ef12b557ba462ed754bf2bd2 t=1699f59ffff res=0
2018-01-24 00:42:24.933 [7fbd4a7fc700:INFO]  Share : 000000005c31bdcb93425ed7dd2840dccfaf37d02a2a91e876b54657f2206e34 t=1699f59ffff res=0
2018-01-24 00:42:34.934 [7fbd4a7fc700:INFO]  Share : 000000005c31bdcb93425ed7dd2840dccfaf37d02a2a91e876b54657f2206e34 t=1699f59ffff res=0
2018-01-24 00:42:42.523 [7fbd4a7fc700:INFO]  Task  : t=1699f5affff N=18
2018-01-24 00:42:44.523 [7fbd4a7fc700:INFO]  Share : 0000023f0ae60ba0ec21e8119613af47eb90c668e45e7cc77fe8c0af39732cca t=1699f5affff res=0
2018-01-24 00:42:54.524 [7fbd4a7fc700:INFO]  Share : 0000007c018096c8acc42ef8771ef12820be301021416cfb2014c0a1e00580f6 t=1699f5affff res=0
2018-01-24 00:43:04.525 [7fbd4a7fc700:INFO]  Share : 0000000e3a4bb237422a7f5e52f7bbc4e84a23f9a937fedd8b72054ad2c2d5af t=1699f5affff res=0
2018-01-24 00:43:14.526 [7fbd4a7fc700:INFO]  Share : 0000000e3a4bb237422a7f5e52f7bbc4e84a23f9a937fedd8b72054ad2c2d5af t=1699f5affff res=0
2018-01-24 00:43:24.527 [7fbd4a7fc700:INFO]  Share : 0000000e3a4bb237422a7f5e52f7bbc4e84a23f9a937fedd8b72054ad2c2d5af t=1699f5affff res=0
2018-01-24 00:43:34.528 [7fbd4a7fc700:INFO]  Share : 0000000e3a4bb237422a7f5e52f7bbc4e84a23f9a937fedd8b72054ad2c2d5af t=1699f5affff res=0
2018-01-24 00:43:44.529 [7fbd4a7fc700:INFO]  Share : 000000055197b81d8c6a638c1659675b38328fd36f0de576ecd185454f3fc3a6 t=1699f5affff res=0
2018-01-24 00:43:45.994 [7fbd4a7fc700:INFO]  Task  : t=1699f5bffff N=19
2018-01-24 00:43:54.995 [7fbd4a7fc700:INFO]  Share : 0000001b958883af398fd0e7f91b24f3f802aefd94167b1d55bc3acc84dd25ab t=1699f5bffff res=0
2018-01-24 00:44:04.996 [7fbd4a7fc700:INFO]  Share : 0000001b958883af398fd0e7f91b24f3f802aefd94167b1d55bc3acc84dd25ab t=1699f5bffff res=0
2018-01-24 00:44:14.997 [7fbd4a7fc700:INFO]  Share : 00000000069dbecee3beac99a0284efb9e7768da88c1d057d2f1453971536579 t=1699f5bffff res=0
2018-01-24 00:44:24.998 [7fbd4a7fc700:INFO]  Share : 00000000069dbecee3beac99a0284efb9e7768da88c1d057d2f1453971536579 t=1699f5bffff res=0
2018-01-24 00:44:34.999 [7fbd4a7fc700:INFO]  Share : 00000000069dbecee3beac99a0284efb9e7768da88c1d057d2f1453971536579 t=1699f5bffff res=0
2018-01-24 00:44:45.000 [7fbd4a7fc700:INFO]  Share : 00000000069dbecee3beac99a0284efb9e7768da88c1d057d2f1453971536579 t=1699f5bffff res=0
2018-01-24 00:44:50.577 [7fbd4a7fc700:INFO]  Task  : t=1699f5cffff N=20
2018-01-24 00:44:54.578 [7fbd4a7fc700:INFO]  Share : 00000046ce0562294485cdde39c6d065b751299215151fec76a43ed2b83dc28a t=1699f5cffff res=0
2018-01-24 00:45:04.579 [7fbd4a7fc700:INFO]  Share : 0000000f04d1b5765ee4a06569a64d308f54fe5dcb2d947a96db776fbca2090f t=1699f5cffff res=0
2018-01-24 00:45:14.579 [7fbd4a7fc700:INFO]  Share : 0000000f04d1b5765ee4a06569a64d308f54fe5dcb2d947a96db776fbca2090f t=1699f5cffff res=0
2018-01-24 00:45:24.580 [7fbd4a7fc700:INFO]  Share : 0000000f04d1b5765ee4a06569a64d308f54fe5dcb2d947a96db776fbca2090f t=1699f5cffff res=0
2018-01-24 00:45:34.581 [7fbd4a7fc700:INFO]  Share : 0000000f04d1b5765ee4a06569a64d308f54fe5dcb2d947a96db776fbca2090f t=1699f5cffff res=0
2018-01-24 00:45:44.582 [7fbd4a7fc700:INFO]  Share : 0000000f04d1b5765ee4a06569a64d308f54fe5dcb2d947a96db776fbca2090f t=1699f5cffff res=0
2018-01-24 00:45:54.191 [7fbd4a7fc700:INFO]  Task  : t=1699f5dffff N=21
2018-01-24 00:45:54.192 [7fbd4a7fc700:INFO]  Share : 1adb19a403ae1deb2ecae4a6eea9143fbb343765c19f8f88e9dad22d61e2864e t=1699f5dffff res=0
2018-01-24 00:45:55.749 [7fbd4a7fc700:INFO]  Task  : t=1699f5dffff N=22
2018-01-24 00:46:04.750 [7fbd4a7fc700:INFO]  Share : 0000004a45efceeb665170b58590ecdc03444130192e5d2185b5e0f884277e5b t=1699f5dffff res=0
2018-01-24 00:46:14.751 [7fbd4a7fc700:INFO]  Share : 0000000b855265428ddf69ba0f7c2fbe35e47b15d28220f36b32a52f390178fa t=1699f5dffff res=0
2018-01-24 00:46:24.752 [7fbd4a7fc700:INFO]  Share : 0000000b855265428ddf69ba0f7c2fbe35e47b15d28220f36b32a52f390178fa t=1699f5dffff res=0
2018-01-24 00:46:34.753 [7fbd4a7fc700:INFO]  Share : 0000000b855265428ddf69ba0f7c2fbe35e47b15d28220f36b32a52f390178fa t=1699f5dffff res=0
2018-01-24 00:46:44.754 [7fbd4a7fc700:INFO]  Share : 0000000b855265428ddf69ba0f7c2fbe35e47b15d28220f36b32a52f390178fa t=1699f5dffff res=0
2018-01-24 00:46:54.755 [7fbd4a7fc700:INFO]  Share : 0000000b855265428ddf69ba0f7c2fbe35e47b15d28220f36b32a52f390178fa t=1699f5dffff res=0
2018-01-24 00:46:58.270 [7fbd4a7fc700:INFO]  Task  : t=1699f5effff N=23
2018-01-24 00:47:04.270 [7fbd4a7fc700:INFO]  Share : 00000009f34f533821dd72f63b684948e08b0e48c2cf6363d844b94e29fd4dd8 t=1699f5effff res=0
2018-01-24 00:47:14.271 [7fbd4a7fc700:INFO]  Share : 00000009f34f533821dd72f63b684948e08b0e48c2cf6363d844b94e29fd4dd8 t=1699f5effff res=0
2018-01-24 00:47:24.272 [7fbd4a7fc700:INFO]  Share : 00000009f34f533821dd72f63b684948e08b0e48c2cf6363d844b94e29fd4dd8 t=1699f5effff res=0
2018-01-24 00:47:34.273 [7fbd4a7fc700:INFO]  Share : 00000009f34f533821dd72f63b684948e08b0e48c2cf6363d844b94e29fd4dd8 t=1699f5effff res=0
2018-01-24 00:47:44.274 [7fbd4a7fc700:INFO]  Share : 00000009f34f533821dd72f63b684948e08b0e48c2cf6363d844b94e29fd4dd8 t=1699f5effff res=0
2018-01-24 00:47:54.275 [7fbd4a7fc700:INFO]  Share : 00000009f34f533821dd72f63b684948e08b0e48c2cf6363d844b94e29fd4dd8 t=1699f5effff res=0
2018-01-24 00:48:02.690 [7fbd4a7fc700:INFO]  Task  : t=1699f5fffff N=24
2018-01-24 00:48:04.690 [7fbd4a7fc700:INFO]  Share : 00000021fa573fc2f8a8f5c9bbfcb275760c899d546ae97b53b949acb4733e65 t=1699f5fffff res=0
2018-01-24 00:48:14.691 [7fbd4a7fc700:INFO]  Share : 00000021fa573fc2f8a8f5c9bbfcb275760c899d546ae97b53b949acb4733e65 t=1699f5fffff res=0
2018-01-24 00:48:24.692 [7fbd4a7fc700:INFO]  Share : 0000000598ce26487bfb8283730c36555e938e768b90f705a5361977b50d1d78 t=1699f5fffff res=0
2018-01-24 00:48:34.693 [7fbd4a7fc700:INFO]  Share : 000000027987360851665206e99853d4a1af0191523e5808e91558a11ac12e6e t=1699f5fffff res=0
2018-01-24 00:48:44.694 [7fbd4a7fc700:INFO]  Share : 000000027987360851665206e99853d4a1af0191523e5808e91558a11ac12e6e t=1699f5fffff res=0
2018-01-24 00:48:54.695 [7fbd4a7fc700:INFO]  Share : 000000027987360851665206e99853d4a1af0191523e5808e91558a11ac12e6e t=1699f5fffff res=0
2018-01-24 00:49:04.696 [7fbd4a7fc700:INFO]  Share : 000000027987360851665206e99853d4a1af0191523e5808e91558a11ac12e6e t=1699f5fffff res=0
2018-01-24 00:49:06.146 [7fbd4a7fc700:INFO]  Task  : t=1699f60ffff N=25
2018-01-24 00:49:14.147 [7fbd4a7fc700:INFO]  Share : 0000004bb500ba55940f4459d619a0fda9025a3129cc68ce07f011ef13021638 t=1699f60ffff res=0
2018-01-24 00:49:24.148 [7fbd4a7fc700:INFO]  Share : 00000046693e60df8b2ce8b261a22ad14d202d33d65b44c6f35ffd09c51704b4 t=1699f60ffff res=0
2018-01-24 00:49:34.149 [7fbd4a7fc700:INFO]  Share : 0000002a35720e03747b36fc13449f8b0ad0950f2da3eb5a6ee4f74978495131 t=1699f60ffff res=0
2018-01-24 00:49:44.150 [7fbd4a7fc700:INFO]  Share : 0000000d44d29b0885d29ee0ec8abd915120da62d7b27f81d3f20b5c5a4a9641 t=1699f60ffff res=0
2018-01-24 00:49:54.151 [7fbd4a7fc700:INFO]  Share : 00000005982f80be7005d51cfc3d50337fda57e6bd8917e41f410775cea03d03 t=1699f60ffff res=0
2018-01-24 00:50:04.152 [7fbd4a7fc700:INFO]  Share : 00000005982f80be7005d51cfc3d50337fda57e6bd8917e41f410775cea03d03 t=1699f60ffff res=0
2018-01-24 00:50:09.570 [7fbd4a7fc700:INFO]  Task  : t=1699f61ffff N=26
2018-01-24 00:50:14.571 [7fbd4a7fc700:INFO]  Share : 00000043542deeed32e2f14737e628365280427305c7b4d03f619f4224703b6f t=1699f61ffff res=0
2018-01-24 00:50:24.573 [7fbd4a7fc700:INFO]  Share : 00000007b0cd3a46a797b67595cfe495a929396a7479b6ecc3339d6115cd77d3 t=1699f61ffff res=0
2018-01-24 00:50:34.574 [7fbd4a7fc700:INFO]  Share : 00000002e1c695bdd00a1abc8b056c698d6c2ecb9c4f4b7893eafdd7befc2305 t=1699f61ffff res=0
2018-01-24 00:50:44.575 [7fbd4a7fc700:INFO]  Share : 00000002e1c695bdd00a1abc8b056c698d6c2ecb9c4f4b7893eafdd7befc2305 t=1699f61ffff res=0
2018-01-24 00:50:54.575 [7fbd4a7fc700:INFO]  Share : 00000002e1c695bdd00a1abc8b056c698d6c2ecb9c4f4b7893eafdd7befc2305 t=1699f61ffff res=0
2018-01-24 00:51:04.576 [7fbd4a7fc700:INFO]  Share : 0000000027af2ef5d7183c6491ec0c7ea921b3b40b82ffe1374bd83899188068 t=1699f61ffff res=0
2018-01-24 00:51:15.000 [7fbd4a7fc700:INFO]  Task  : t=1699f62ffff N=27
2018-01-24 00:51:15.001 [7fbd4a7fc700:INFO]  Share : 27ce5edfa75e32e7352d22300217d9f52715fbc00b9a7eeae82093176728fe1d t=1699f62ffff res=0
2018-01-24 00:51:17.001 [7fbd4a7fc700:MESS]  Xfer  : from AAAAAAAAAAAAAAAAAAAAAAAAAAAAAAAA to BR+RNlFmCqP2vUbR8DszjyD2r0m22AT6 xfer 0.008900425 XDAG
2018-01-24 00:51:25.002 [7fbd4a7fc700:INFO]  Share : 0000001dd535fec929456dedbfda467fc2a2c7f58ba68ef7fd697064b6ccae5d t=1699f62ffff res=0
2018-01-24 00:51:35.003 [7fbd4a7fc700:INFO]  Share : 0000001dd535fec929456dedbfda467fc2a2c7f58ba68ef7fd697064b6ccae5d t=1699f62ffff res=0
2018-01-24 00:51:44.004 [7fbd4a7fc700:INFO]  Share : 0000001dd535fec929456dedbfda467fc2a2c7f58ba68ef7fd697064b6ccae5d t=1699f62ffff res=0
2018-01-24 00:51:54.004 [7fbd4a7fc700:INFO]  Share : 0000001dd535fec929456dedbfda467fc2a2c7f58ba68ef7fd697064b6ccae5d t=1699f62ffff res=0
2018-01-24 00:52:04.005 [7fbd4a7fc700:INFO]  Share : 0000001dd535fec929456dedbfda467fc2a2c7f58ba68ef7fd697064b6ccae5d t=1699f62ffff res=0
2018-01-24 00:52:14.006 [7fbd4a7fc700:INFO]  Share : 0000001dd535fec929456dedbfda467fc2a2c7f58ba68ef7fd697064b6ccae5d t=1699f62ffff res=0
2018-01-24 00:52:18.573 [7fbd4a7fc700:INFO]  Task  : t=1699f63ffff N=28
2018-01-24 00:52:18.971 [7fbd4a7fc700:INFO]  Task  : t=1699f63ffff N=29
2018-01-24 00:52:24.972 [7fbd4a7fc700:INFO]  Share : 000000d8ac3d00047e11dd8a08d2f73c97776de11f7865891b652c58c75da453 t=1699f63ffff res=0
2018-01-24 00:52:34.973 [7fbd4a7fc700:INFO]  Share : 0000001fd40c064fc863612d12dba5587ec861d893a4288862430625c2a9acea t=1699f63ffff res=0
2018-01-24 00:52:44.974 [7fbd4a7fc700:INFO]  Share : 000000005e5d50de8c016bd366e36375f9099b48ebad2fbcb0d2f6c9d1434928 t=1699f63ffff res=0
2018-01-24 00:52:54.975 [7fbd4a7fc700:INFO]  Share : 000000005e5d50de8c016bd366e36375f9099b48ebad2fbcb0d2f6c9d1434928 t=1699f63ffff res=0
2018-01-24 00:53:04.976 [7fbd4a7fc700:INFO]  Share : 000000005e5d50de8c016bd366e36375f9099b48ebad2fbcb0d2f6c9d1434928 t=1699f63ffff res=0
2018-01-24 00:53:14.977 [7fbd4a7fc700:INFO]  Share : 000000005e5d50de8c016bd366e36375f9099b48ebad2fbcb0d2f6c9d1434928 t=1699f63ffff res=0
2018-01-24 00:53:22.549 [7fbd4a7fc700:INFO]  Task  : t=1699f64ffff N=30
2018-01-24 00:53:24.550 [7fbd4a7fc700:INFO]  Share : 00000004849845c4c7980059e43d50979888bbf6a842913035c118d692b96615 t=1699f64ffff res=0
2018-01-24 00:53:34.551 [7fbd4a7fc700:INFO]  Share : 00000004849845c4c7980059e43d50979888bbf6a842913035c118d692b96615 t=1699f64ffff res=0
2018-01-24 00:53:44.552 [7fbd4a7fc700:INFO]  Share : 000000012904f8d54f2297bb325d8992d0f46e64885c38b8dd8319dada4af979 t=1699f64ffff res=0
2018-01-24 00:53:54.552 [7fbd4a7fc700:INFO]  Share : 000000012904f8d54f2297bb325d8992d0f46e64885c38b8dd8319dada4af979 t=1699f64ffff res=0
2018-01-24 00:54:04.553 [7fbd4a7fc700:INFO]  Share : 000000012904f8d54f2297bb325d8992d0f46e64885c38b8dd8319dada4af979 t=1699f64ffff res=0
2018-01-24 00:54:14.554 [7fbd4a7fc700:INFO]  Share : 000000012904f8d54f2297bb325d8992d0f46e64885c38b8dd8319dada4af979 t=1699f64ffff res=0
2018-01-24 00:54:24.555 [7fbd4a7fc700:INFO]  Share : 000000012904f8d54f2297bb325d8992d0f46e64885c38b8dd8319dada4af979 t=1699f64ffff res=0
2018-01-24 00:54:26.128 [7fbd4a7fc700:INFO]  Task  : t=1699f65ffff N=31
2018-01-24 00:54:34.129 [7fbd4a7fc700:INFO]  Share : 0000002e7feeeb95318c98227e07b90b981881f33b11d7244d1eb079a217f6d4 t=1699f65ffff res=0
2018-01-24 00:54:44.129 [7fbd4a7fc700:INFO]  Share : 0000002329cfc5df4b5b1e479b3f1a1d2830a999ef324441ce0b8b7104ca43d9 t=1699f65ffff res=0
2018-01-24 00:54:54.130 [7fbd4a7fc700:INFO]  Share : 0000002329cfc5df4b5b1e479b3f1a1d2830a999ef324441ce0b8b7104ca43d9 t=1699f65ffff res=0
2018-01-24 00:55:04.131 [7fbd4a7fc700:INFO]  Share : 0000002329cfc5df4b5b1e479b3f1a1d2830a999ef324441ce0b8b7104ca43d9 t=1699f65ffff res=0
2018-01-24 00:55:14.132 [7fbd4a7fc700:INFO]  Share : 0000002329cfc5df4b5b1e479b3f1a1d2830a999ef324441ce0b8b7104ca43d9 t=1699f65ffff res=0
2018-01-24 00:55:24.133 [7fbd4a7fc700:INFO]  Share : 0000002329cfc5df4b5b1e479b3f1a1d2830a999ef324441ce0b8b7104ca43d9 t=1699f65ffff res=0
2018-01-24 00:55:29.716 [7fbd4a7fc700:INFO]  Task  : t=1699f66ffff N=32
2018-01-24 00:55:34.731 [7fbd4a7fc700:INFO]  Share : 000000113b8b426161acccc0026e6a20381e85639eb28e86a1aeadee070a73dc t=1699f66ffff res=0
2018-01-24 00:55:44.734 [7fbd4a7fc700:INFO]  Share : 000000113b8b426161acccc0026e6a20381e85639eb28e86a1aeadee070a73dc t=1699f66ffff res=0
2018-01-24 00:55:54.734 [7fbd4a7fc700:INFO]  Share : 0000000450f709e209913c7e00277638d0544b758fe05d0de12742dfa09da8af t=1699f66ffff res=0
2018-01-24 00:56:04.735 [7fbd4a7fc700:INFO]  Share : 0000000450f709e209913c7e00277638d0544b758fe05d0de12742dfa09da8af t=1699f66ffff res=0
2018-01-24 00:56:14.736 [7fbd4a7fc700:INFO]  Share : 0000000450f709e209913c7e00277638d0544b758fe05d0de12742dfa09da8af t=1699f66ffff res=0
2018-01-24 00:56:24.737 [7fbd4a7fc700:INFO]  Share : 00000002f7c71ca955ab2f1de2c439745d791c4f7054f3b143503324604411ca t=1699f66ffff res=0
2018-01-24 00:56:34.319 [7fbd4a7fc700:INFO]  Task  : t=1699f67ffff N=33
2018-01-24 00:56:34.320 [7fbd4a7fc700:INFO]  Share : d1e8445650735780d3709e385ccd2e80f5cacdab2ff4e2e1612b55a857e8963c t=1699f67ffff res=0
2018-01-24 00:56:44.320 [7fbd4a7fc700:INFO]  Share : 0000008c4cb13fc8cd7e35e7afcd7eb4a2ab1480f3346f54e909933cf18db6f1 t=1699f67ffff res=0
2018-01-24 00:56:54.321 [7fbd4a7fc700:INFO]  Share : 00000005e497a8c5a65963f038ea94e13656603414c12f44853e2a1c10efb185 t=1699f67ffff res=0
2018-01-24 00:57:04.322 [7fbd4a7fc700:INFO]  Share : 0000000199492c93f3a45e9eb974596ef403f11abdfbd08e5a8a1fac5c520dec t=1699f67ffff res=0
2018-01-24 00:57:14.323 [7fbd4a7fc700:INFO]  Share : 0000000199492c93f3a45e9eb974596ef403f11abdfbd08e5a8a1fac5c520dec t=1699f67ffff res=0
2018-01-24 00:57:24.324 [7fbd4a7fc700:INFO]  Share : 0000000199492c93f3a45e9eb974596ef403f11abdfbd08e5a8a1fac5c520dec t=1699f67ffff res=0
2018-01-24 00:57:34.325 [7fbd4a7fc700:INFO]  Share : 0000000199492c93f3a45e9eb974596ef403f11abdfbd08e5a8a1fac5c520dec t=1699f67ffff res=0
2018-01-24 00:57:38.849 [7fbd4a7fc700:INFO]  Task  : t=1699f68ffff N=34
2018-01-24 00:57:44.850 [7fbd4a7fc700:INFO]  Share : 0000012e9639af84d09acbe3447167d87e49c4650cc91239f8ba8bf229bb6e70 t=1699f68ffff res=0
2018-01-24 00:57:54.851 [7fbd4a7fc700:INFO]  Share : 00000081885d8683a78ee19b067314bb19ab1fd9f55cd696481faa527e1a82f9 t=1699f68ffff res=0
2018-01-24 00:58:04.852 [7fbd4a7fc700:INFO]  Share : 00000021ee727179f1cd92bc44778cf695ef370be36fe7bd08512fe00c66188d t=1699f68ffff res=0
2018-01-24 00:58:14.853 [7fbd4a7fc700:INFO]  Share : 000000086a2ce6494fe2ac0d6795abc9c33dda304a0a2fc8d625bff3159d6372 t=1699f68ffff res=0
2018-01-24 00:58:24.854 [7fbd4a7fc700:INFO]  Share : 000000086a2ce6494fe2ac0d6795abc9c33dda304a0a2fc8d625bff3159d6372 t=1699f68ffff res=0
2018-01-24 00:58:34.855 [7fbd4a7fc700:INFO]  Share : 000000086a2ce6494fe2ac0d6795abc9c33dda304a0a2fc8d625bff3159d6372 t=1699f68ffff res=0
2018-01-24 00:58:42.349 [7fbd4a7fc700:INFO]  Task  : t=1699f69ffff N=35
2018-01-24 00:58:44.350 [7fbd4a7fc700:INFO]  Share : 000000d451af1809463de6e394fa6766427fb215cc090170920602b3230bd53d t=1699f69ffff res=0
2018-01-24 00:58:54.351 [7fbd4a7fc700:INFO]  Share : 0000002fa246e954e65abfdbafc52cbd796fb089bc75a5ae4542d2f6d393e7cc t=1699f69ffff res=0
2018-01-24 00:59:04.352 [7fbd4a7fc700:INFO]  Share : 000000060b71edffa0e7d8caec374fd181d1074445fcd43390c2810dc4a0eb23 t=1699f69ffff res=0
2018-01-24 00:59:14.353 [7fbd4a7fc700:INFO]  Share : 000000060b71edffa0e7d8caec374fd181d1074445fcd43390c2810dc4a0eb23 t=1699f69ffff res=0
2018-01-24 00:59:24.354 [7fbd4a7fc700:INFO]  Share : 000000060b71edffa0e7d8caec374fd181d1074445fcd43390c2810dc4a0eb23 t=1699f69ffff res=0
2018-01-24 00:59:34.355 [7fbd4a7fc700:INFO]  Share : 000000060b71edffa0e7d8caec374fd181d1074445fcd43390c2810dc4a0eb23 t=1699f69ffff res=0
2018-01-24 00:59:44.356 [7fbd4a7fc700:INFO]  Share : 000000060b71edffa0e7d8caec374fd181d1074445fcd43390c2810dc4a0eb23 t=1699f69ffff res=0
2018-01-24 00:59:45.931 [7fbd4a7fc700:INFO]  Task  : t=1699f6affff N=36
2018-01-24 00:59:47.271 [7fbd4a7fc700:INFO]  Task  : t=1699f6affff N=37
2018-01-24 00:59:54.271 [7fbd4a7fc700:INFO]  Share : 00000051b127b118fe0737b0ff1d2413ea54f0ce38dc01a6a8bcef999c7a6521 t=1699f6affff res=0
2018-01-24 01:00:04.272 [7fbd4a7fc700:INFO]  Share : 0000004c26a9a75dc3f86010f86db938b2b744f65d3e94e155f5af19835f5975 t=1699f6affff res=0
2018-01-24 01:00:14.273 [7fbd4a7fc700:INFO]  Share : 0000002dfbb021f49b500df723b1456b7b7ee8f16b861bfa54035bc64b760a39 t=1699f6affff res=0
2018-01-24 01:00:24.274 [7fbd4a7fc700:INFO]  Share : 00000022ccd2e43c0557480d1284822b04bf7c57e458a1ff7b2b02132b2b1290 t=1699f6affff res=0
2018-01-24 01:00:34.277 [7fbd4a7fc700:INFO]  Share : 0000001bd506d3f12762075c14e77efd5e011a88e08ffbb482d37da179931c60 t=1699f6affff res=0
2018-01-24 01:00:44.278 [7fbd4a7fc700:INFO]  Share : 0000001bd506d3f12762075c14e77efd5e011a88e08ffbb482d37da179931c60 t=1699f6affff res=0
2018-01-24 01:00:50.799 [7fbd4a7fc700:INFO]  Task  : t=1699f6bffff N=38
2018-01-24 01:00:54.803 [7fbd4a7fc700:INFO]  Share : 0000004f32726ab668c7fe3ad499040e5dfc04c7798b0af49fc3252a685cef4a t=1699f6bffff res=0
2018-01-24 01:00:55.804 [7fbd4a7fc700:MESS]  Xfer  : from AAAAAAAAAAAAAAAAAAAAAAAAAAAAAAAA to BR+RNlFmCqP2vUbR8DszjyD2r0m22AT6 xfer 0.873364815 XDAG
2018-01-24 01:01:04.806 [7fbd4a7fc700:INFO]  Share : 0000000b49f4503c28a561d65f3db85eb277070f4b09ea04a8fd8b6efe336bd2 t=1699f6bffff res=0
2018-01-24 01:01:14.809 [7fbd4a7fc700:INFO]  Share : 0000000b49f4503c28a561d65f3db85eb277070f4b09ea04a8fd8b6efe336bd2 t=1699f6bffff res=0
2018-01-24 01:01:24.810 [7fbd4a7fc700:INFO]  Share : 0000000b49f4503c28a561d65f3db85eb277070f4b09ea04a8fd8b6efe336bd2 t=1699f6bffff res=0
2018-01-24 01:01:34.814 [7fbd4a7fc700:INFO]  Share : 0000000b49f4503c28a561d65f3db85eb277070f4b09ea04a8fd8b6efe336bd2 t=1699f6bffff res=0
2018-01-24 01:01:44.815 [7fbd4a7fc700:INFO]  Share : 0000000b49f4503c28a561d65f3db85eb277070f4b09ea04a8fd8b6efe336bd2 t=1699f6bffff res=0
2018-01-24 01:01:54.395 [7fbd4a7fc700:INFO]  Task  : t=1699f6cffff N=39
2018-01-24 01:01:54.395 [7fbd4a7fc700:INFO]  Share : 42f6eb6daf943abc53be2c194f06dd54b03642d20cc6a009c5c2cda983198204 t=1699f6cffff res=0
2018-01-24 01:02:04.396 [7fbd4a7fc700:INFO]  Share : 0000005c726d2e798fb8e566e77c401f135a96aa01f2706377a2ae22799358d5 t=1699f6cffff res=0
2018-01-24 01:02:14.397 [7fbd4a7fc700:INFO]  Share : 000000098229ed592d1de9d316b5161b099f79cac4237830581f40c78ba0c655 t=1699f6cffff res=0
2018-01-24 01:02:24.398 [7fbd4a7fc700:INFO]  Share : 000000098229ed592d1de9d316b5161b099f79cac4237830581f40c78ba0c655 t=1699f6cffff res=0
2018-01-24 01:02:34.399 [7fbd4a7fc700:INFO]  Share : 000000098229ed592d1de9d316b5161b099f79cac4237830581f40c78ba0c655 t=1699f6cffff res=0
2018-01-24 01:02:44.400 [7fbd4a7fc700:INFO]  Share : 000000098229ed592d1de9d316b5161b099f79cac4237830581f40c78ba0c655 t=1699f6cffff res=0
2018-01-24 01:02:54.401 [7fbd4a7fc700:INFO]  Share : 000000098229ed592d1de9d316b5161b099f79cac4237830581f40c78ba0c655 t=1699f6cffff res=0
2018-01-24 01:02:57.832 [7fbd4a7fc700:INFO]  Task  : t=1699f6dffff N=40
2018-01-24 01:02:59.386 [7fbd4a7fc700:INFO]  Task  : t=1699f6dffff N=41
2018-01-24 01:03:04.387 [7fbd4a7fc700:INFO]  Share : 00000080c260d7424f728b52ce00cfa4853c009da52efd6b1a0e8890f51f8971 t=1699f6dffff res=0
2018-01-24 01:03:05.387 [7fbd4a7fc700:MESS]  Xfer  : from AAAAAAAAAAAAAAAAAAAAAAAAAAAAAAAA to BR+RNlFmCqP2vUbR8DszjyD2r0m22AT6 xfer 1.487623515 XDAG
2018-01-24 01:03:14.388 [7fbd4a7fc700:INFO]  Share : 000000081eb651e427e5952af2c9a0103d7ab9e9c56405d5ef8323e6815b0cde t=1699f6dffff res=0
2018-01-24 01:03:24.389 [7fbd4a7fc700:INFO]  Share : 000000081eb651e427e5952af2c9a0103d7ab9e9c56405d5ef8323e6815b0cde t=1699f6dffff res=0
2018-01-24 01:03:34.390 [7fbd4a7fc700:INFO]  Share : 000000081eb651e427e5952af2c9a0103d7ab9e9c56405d5ef8323e6815b0cde t=1699f6dffff res=0
2018-01-24 01:03:44.391 [7fbd4a7fc700:INFO]  Share : 000000081eb651e427e5952af2c9a0103d7ab9e9c56405d5ef8323e6815b0cde t=1699f6dffff res=0
2018-01-24 01:03:54.392 [7fbd4a7fc700:INFO]  Share : 000000081eb651e427e5952af2c9a0103d7ab9e9c56405d5ef8323e6815b0cde t=1699f6dffff res=0
2018-01-24 01:04:02.823 [7fbd4a7fc700:INFO]  Task  : t=1699f6effff N=42
2018-01-24 01:04:04.823 [7fbd4a7fc700:INFO]  Share : 00000048a4c1b982348757e05bf1823a7147886b40014a2a8fbec44a92e480df t=1699f6effff res=0
2018-01-24 01:04:14.824 [7fbd4a7fc700:INFO]  Share : 00000044fb4f1951c534347ae85563605f56c4dfa320c338c0b0ab85e8ab66a5 t=1699f6effff res=0
2018-01-24 01:04:24.825 [7fbd4a7fc700:INFO]  Share : 000000112504f735eec9306fd37ba266a3ee23964dd25abbe167416f46ebdf91 t=1699f6effff res=0
2018-01-24 01:04:34.826 [7fbd4a7fc700:INFO]  Share : 000000112504f735eec9306fd37ba266a3ee23964dd25abbe167416f46ebdf91 t=1699f6effff res=0
2018-01-24 01:04:44.827 [7fbd4a7fc700:INFO]  Share : 0000000355fabb6a8fb751201f5c7b7dff0598e894594e94b754f9369013e023 t=1699f6effff res=0
2018-01-24 01:04:54.828 [7fbd4a7fc700:INFO]  Share : 0000000355fabb6a8fb751201f5c7b7dff0598e894594e94b754f9369013e023 t=1699f6effff res=0
2018-01-24 01:05:04.829 [7fbd4a7fc700:INFO]  Share : 0000000355fabb6a8fb751201f5c7b7dff0598e894594e94b754f9369013e023 t=1699f6effff res=0
2018-01-24 01:05:05.397 [7fbd4a7fc700:INFO]  Task  : t=1699f6fffff N=43
2018-01-24 01:05:14.398 [7fbd4a7fc700:INFO]  Share : 00000006c1ffb857f41b2ea9c9b5a906b9ac4861f411154c4b1f8b36e9733788 t=1699f6fffff res=0
2018-01-24 01:05:24.399 [7fbd4a7fc700:INFO]  Share : 00000006c1ffb857f41b2ea9c9b5a906b9ac4861f411154c4b1f8b36e9733788 t=1699f6fffff res=0
2018-01-24 01:05:34.400 [7fbd4a7fc700:INFO]  Share : 00000006c1ffb857f41b2ea9c9b5a906b9ac4861f411154c4b1f8b36e9733788 t=1699f6fffff res=0
2018-01-24 01:05:44.400 [7fbd4a7fc700:INFO]  Share : 00000006c1ffb857f41b2ea9c9b5a906b9ac4861f411154c4b1f8b36e9733788 t=1699f6fffff res=0
2018-01-24 01:05:54.401 [7fbd4a7fc700:INFO]  Share : 00000006c1ffb857f41b2ea9c9b5a906b9ac4861f411154c4b1f8b36e9733788 t=1699f6fffff res=0
2018-01-24 01:06:04.402 [7fbd4a7fc700:INFO]  Share : 00000006c1ffb857f41b2ea9c9b5a906b9ac4861f411154c4b1f8b36e9733788 t=1699f6fffff res=0
2018-01-24 01:06:10.831 [7fbd4a7fc700:INFO]  Task  : t=1699f70ffff N=44
2018-01-24 01:06:11.214 [7fbd4a7fc700:INFO]  Task  : t=1699f70ffff N=45
2018-01-24 01:06:14.214 [7fbd4a7fc700:INFO]  Share : 0000007add3698c973e2067c1e75aaf7ac1aa3a51af10fff733cd4406507f145 t=1699f70ffff res=0
2018-01-24 01:06:24.215 [7fbd4a7fc700:INFO]  Share : 0000006bb98a4ebe5cce536821d121b2dca75da8fd1edcb1504f9457c1e21832 t=1699f70ffff res=0
2018-01-24 01:06:34.216 [7fbd4a7fc700:INFO]  Share : 0000004cf7e067cf3e9c7a4b37867a85dd285534c29cfebbe94d29f2343e828a t=1699f70ffff res=0
2018-01-24 01:06:44.217 [7fbd4a7fc700:INFO]  Share : 0000000343f9dc51ab1b5f8a9ad44fb40ab12a251c42ee3085fa94af13974216 t=1699f70ffff res=0
2018-01-24 01:06:54.218 [7fbd4a7fc700:INFO]  Share : 000000006832dd5628a11b1c6acb5df0c72ec7ff59efe8175b07ae0821f10fee t=1699f70ffff res=0
2018-01-24 01:07:04.219 [7fbd4a7fc700:INFO]  Share : 000000006832dd5628a11b1c6acb5df0c72ec7ff59efe8175b07ae0821f10fee t=1699f70ffff res=0
2018-01-24 01:07:14.220 [7fbd4a7fc700:INFO]  Share : 000000006832dd5628a11b1c6acb5df0c72ec7ff59efe8175b07ae0821f10fee t=1699f70ffff res=0
2018-01-24 01:07:14.741 [7fbd4a7fc700:INFO]  Task  : t=1699f71ffff N=46
2018-01-24 01:07:24.742 [7fbd4a7fc700:INFO]  Share : 0000000c06a8274f2725b6f37bf1b995537e06bd0b822a28b61e04673920f713 t=1699f71ffff res=0
2018-01-24 01:07:34.743 [7fbd4a7fc700:INFO]  Share : 0000000af9b38405323e14c62a58d0508bba8f03cdbffd7b846abac963e5b021 t=1699f71ffff res=0
2018-01-24 01:07:44.744 [7fbd4a7fc700:INFO]  Share : 0000000af9b38405323e14c62a58d0508bba8f03cdbffd7b846abac963e5b021 t=1699f71ffff res=0
2018-01-24 01:07:54.745 [7fbd4a7fc700:INFO]  Share : 0000000af9b38405323e14c62a58d0508bba8f03cdbffd7b846abac963e5b021 t=1699f71ffff res=0
2018-01-24 01:08:04.746 [7fbd4a7fc700:INFO]  Share : 0000000af9b38405323e14c62a58d0508bba8f03cdbffd7b846abac963e5b021 t=1699f71ffff res=0
2018-01-24 01:08:14.747 [7fbd4a7fc700:INFO]  Share : 0000000af9b38405323e14c62a58d0508bba8f03cdbffd7b846abac963e5b021 t=1699f71ffff res=0
2018-01-24 01:08:18.177 [7fbd4a7fc700:INFO]  Task  : t=1699f72ffff N=47
2018-01-24 01:08:18.660 [7fbd4a7fc700:INFO]  Task  : t=1699f72ffff N=48
2018-01-24 01:08:24.661 [7fbd4a7fc700:INFO]  Share : 0000021c5760b0feddb10e38da043280e657301a437a93b689007fc79a07813c t=1699f72ffff res=0
2018-01-24 01:08:34.662 [7fbd4a7fc700:INFO]  Share : 00000023bf9cc1d98ef4587482612103d24bf80cdc86c6d4c961a53b5fc715a6 t=1699f72ffff res=0
2018-01-24 01:08:44.663 [7fbd4a7fc700:INFO]  Share : 00000020e2b2dd101b63781687f952482116557ca133cc7b491d72ec2d03b5f1 t=1699f72ffff res=0
2018-01-24 01:08:54.664 [7fbd4a7fc700:INFO]  Share : 00000020e2b2dd101b63781687f952482116557ca133cc7b491d72ec2d03b5f1 t=1699f72ffff res=0
2018-01-24 01:09:04.665 [7fbd4a7fc700:INFO]  Share : 00000020e2b2dd101b63781687f952482116557ca133cc7b491d72ec2d03b5f1 t=1699f72ffff res=0
2018-01-24 01:09:14.666 [7fbd4a7fc700:INFO]  Share : 0000000424084c0c94683947586b056b818bdaa49b8d0c213f3c6f7a052a9d51 t=1699f72ffff res=0
2018-01-24 01:09:23.001 [7fbd4a7fc700:INFO]  Task  : t=1699f73ffff N=49
2018-01-24 01:09:24.435 [7fbd4a7fc700:INFO]  Task  : t=1699f73ffff N=50
2018-01-24 01:09:24.435 [7fbd4a7fc700:INFO]  Share : f76d86fb6e1a82186911453f7fcca4366470d81f99bfe1633bb0df810639946b t=1699f73ffff res=0
2018-01-24 01:09:25.435 [7fbd4a7fc700:MESS]  Xfer  : from AAAAAAAAAAAAAAAAAAAAAAAAAAAAAAAA to BR+RNlFmCqP2vUbR8DszjyD2r0m22AT6 xfer 0.304559050 XDAG
2018-01-24 01:09:34.436 [7fbd4a7fc700:INFO]  Share : 0000000bd1ba69553734a37affb15002f24427a8e224e031a07f6addb6b1cd88 t=1699f73ffff res=0
2018-01-24 01:09:44.437 [7fbd4a7fc700:INFO]  Share : 0000000bd1ba69553734a37affb15002f24427a8e224e031a07f6addb6b1cd88 t=1699f73ffff res=0
2018-01-24 01:09:54.438 [7fbd4a7fc700:INFO]  Share : 00000001ba4a00d15ca1837542c9e59faadaeb7833294ab3037a40ea51a5f813 t=1699f73ffff res=0
2018-01-24 01:10:04.439 [7fbd4a7fc700:INFO]  Share : 00000001ba4a00d15ca1837542c9e59faadaeb7833294ab3037a40ea51a5f813 t=1699f73ffff res=0
2018-01-24 01:10:14.440 [7fbd4a7fc700:INFO]  Share : 00000001ba4a00d15ca1837542c9e59faadaeb7833294ab3037a40ea51a5f813 t=1699f73ffff res=0
2018-01-24 01:10:24.441 [7fbd4a7fc700:INFO]  Share : 00000001ba4a00d15ca1837542c9e59faadaeb7833294ab3037a40ea51a5f813 t=1699f73ffff res=0
2018-01-24 01:10:25.987 [7fbd4a7fc700:INFO]  Task  : t=1699f74ffff N=51
2018-01-24 01:10:27.465 [7fbd4a7fc700:INFO]  Task  : t=1699f74ffff N=52
2018-01-24 01:10:34.466 [7fbd4a7fc700:INFO]  Share : 0000005f32a2b8e486f3f1b78805eabfb847758ddd1311841bb0423e5148ae8e t=1699f74ffff res=0
2018-01-24 01:10:44.467 [7fbd4a7fc700:INFO]  Share : 000000475bfc7ea46b702052f7f87f144fd35612632c02972c1a479217c9b075 t=1699f74ffff res=0
2018-01-24 01:10:54.468 [7fbd4a7fc700:INFO]  Share : 000000475bfc7ea46b702052f7f87f144fd35612632c02972c1a479217c9b075 t=1699f74ffff res=0
2018-01-24 01:11:04.469 [7fbd4a7fc700:INFO]  Share : 00000027fb61d39a7ee06e3b4c3ae57a9abaeea0b3039a3c1dc280d4928fdd95 t=1699f74ffff res=0
2018-01-24 01:11:14.470 [7fbd4a7fc700:INFO]  Share : 0000001b59ae5924f644bc1c7c91047e61ca7fe4fce7698ae08f350b7074fb27 t=1699f74ffff res=0
2018-01-24 01:11:24.471 [7fbd4a7fc700:INFO]  Share : 0000001b59ae5924f644bc1c7c91047e61ca7fe4fce7698ae08f350b7074fb27 t=1699f74ffff res=0
2018-01-24 01:11:29.870 [7fbd4a7fc700:INFO]  Task  : t=1699f75ffff N=53
2018-01-24 01:11:34.870 [7fbd4a7fc700:INFO]  Share : 00000093865e8b31fa76484bcee451756412b39612392a7d03bf86f53517e5d5 t=1699f75ffff res=0
2018-01-24 01:11:44.873 [7fbd4a7fc700:INFO]  Share : 000000234c12918840d343117b9a3887dabea63d8da81a5b57ae345b2470708a t=1699f75ffff res=0
2018-01-24 01:11:54.874 [7fbd4a7fc700:INFO]  Share : 0000001d8869573f16769b23d12ecb93b6233dcb4167d4a409670c8bb2111900 t=1699f75ffff res=0
2018-01-24 01:12:04.875 [7fbd4a7fc700:INFO]  Share : 00000001400bbd7eddb071c0aba3f7933075cd5375514922f2a973837ef0bc29 t=1699f75ffff res=0
2018-01-24 01:12:14.876 [7fbd4a7fc700:INFO]  Share : 00000001400bbd7eddb071c0aba3f7933075cd5375514922f2a973837ef0bc29 t=1699f75ffff res=0
2018-01-24 01:12:24.876 [7fbd4a7fc700:INFO]  Share : 00000001400bbd7eddb071c0aba3f7933075cd5375514922f2a973837ef0bc29 t=1699f75ffff res=0
2018-01-24 01:12:34.451 [7fbd4a7fc700:INFO]  Task  : t=1699f76ffff N=54
2018-01-24 01:12:34.452 [7fbd4a7fc700:INFO]  Share : bb7eeefb23d77231305823c1f81e8d86fe1d707194db6e6b66186f4bc513b3d4 t=1699f76ffff res=0
2018-01-24 01:12:34.945 [7fbd4a7fc700:INFO]  Task  : t=1699f76ffff N=55
2018-01-24 01:12:35.945 [7fbd4a7fc700:MESS]  Xfer  : from AAAAAAAAAAAAAAAAAAAAAAAAAAAAAAAA to BR+RNlFmCqP2vUbR8DszjyD2r0m22AT6 xfer 0.118920193 XDAG
2018-01-24 01:12:44.946 [7fbd4a7fc700:INFO]  Share : 0000001f74fe23470ed54a6b1c9a677db4d9e77eb01908c13632129054045f0f t=1699f76ffff res=0
2018-01-24 01:12:54.947 [7fbd4a7fc700:INFO]  Share : 0000001f74fe23470ed54a6b1c9a677db4d9e77eb01908c13632129054045f0f t=1699f76ffff res=0
2018-01-24 01:13:04.948 [7fbd4a7fc700:INFO]  Share : 0000000c7a451c877c7a996bc986faab96ec06bfbeb8846f068e47998eb8ff79 t=1699f76ffff res=0
2018-01-24 01:13:14.949 [7fbd4a7fc700:INFO]  Share : 0000000c7a451c877c7a996bc986faab96ec06bfbeb8846f068e47998eb8ff79 t=1699f76ffff res=0
2018-01-24 01:13:24.950 [7fbd4a7fc700:INFO]  Share : 0000000c7a451c877c7a996bc986faab96ec06bfbeb8846f068e47998eb8ff79 t=1699f76ffff res=0
2018-01-24 01:13:34.951 [7fbd4a7fc700:INFO]  Share : 0000000ba186618165ba4a12134b6b2b9c6a108fca2fef7a0f61d603a5b9dd9a t=1699f76ffff res=0
2018-01-24 01:13:38.501 [7fbd4a7fc700:INFO]  Task  : t=1699f77ffff N=56
2018-01-24 01:13:44.502 [7fbd4a7fc700:INFO]  Share : 0000003ab972d58439c689d15599c6da051563f3e1809bcd990182526a748c26 t=1699f77ffff res=0
2018-01-24 01:13:45.502 [7fbd4a7fc700:MESS]  Xfer  : from AAAAAAAAAAAAAAAAAAAAAAAAAAAAAAAA to BR+RNlFmCqP2vUbR8DszjyD2r0m22AT6 xfer 0.160454121 XDAG
2018-01-24 01:13:54.503 [7fbd4a7fc700:INFO]  Share : 00000023e28a07ae4c5b39b17ed0b4409f39e7b12ba7219a8671a37568f13cb3 t=1699f77ffff res=0
2018-01-24 01:14:04.504 [7fbd4a7fc700:INFO]  Share : 000000090005446e6f7b80bca826759c4bd1c68448aa956537d97aa28ea94c23 t=1699f77ffff res=0
2018-01-24 01:14:14.505 [7fbd4a7fc700:INFO]  Share : 000000090005446e6f7b80bca826759c4bd1c68448aa956537d97aa28ea94c23 t=1699f77ffff res=0
2018-01-24 01:14:24.506 [7fbd4a7fc700:INFO]  Share : 000000090005446e6f7b80bca826759c4bd1c68448aa956537d97aa28ea94c23 t=1699f77ffff res=0
2018-01-24 01:14:34.506 [7fbd4a7fc700:INFO]  Share : 00000007195f74c5f9003552cc24a8aa024f28a5a39e5f2d02d4331365409737 t=1699f77ffff res=0
2018-01-24 01:14:43.033 [7fbd4a7fc700:INFO]  Task  : t=1699f78ffff N=57
2018-01-24 01:14:44.033 [7fbd4a7fc700:INFO]  Share : 0000020ee8a0470dc8b85a09484a4d8f58cb6e618954e994508ad36ca33b4ddc t=1699f78ffff res=0
2018-01-24 01:14:54.034 [7fbd4a7fc700:INFO]  Share : 0000001c4cf883dd89d9aa2f75078a006103c0ae57815a2cebe8a4d807307955 t=1699f78ffff res=0
2018-01-24 01:15:04.035 [7fbd4a7fc700:INFO]  Share : 0000001c4cf883dd89d9aa2f75078a006103c0ae57815a2cebe8a4d807307955 t=1699f78ffff res=0
2018-01-24 01:15:14.035 [7fbd4a7fc700:INFO]  Share : 000000197c4f0d7d4f7d2e3a1b6f8e35a7fe6fa29a95202d5175c76910c93694 t=1699f78ffff res=0
2018-01-24 01:15:24.036 [7fbd4a7fc700:INFO]  Share : 000000197c4f0d7d4f7d2e3a1b6f8e35a7fe6fa29a95202d5175c76910c93694 t=1699f78ffff res=0
2018-01-24 01:15:34.037 [7fbd4a7fc700:INFO]  Share : 000000197c4f0d7d4f7d2e3a1b6f8e35a7fe6fa29a95202d5175c76910c93694 t=1699f78ffff res=0
2018-01-24 01:15:44.038 [7fbd4a7fc700:INFO]  Share : 000000197c4f0d7d4f7d2e3a1b6f8e35a7fe6fa29a95202d5175c76910c93694 t=1699f78ffff res=0
2018-01-24 01:15:45.444 [7fbd4a7fc700:INFO]  Task  : t=1699f79ffff N=58
2018-01-24 01:15:46.934 [7fbd4a7fc700:INFO]  Task  : t=1699f79ffff N=59
2018-01-24 01:15:54.935 [7fbd4a7fc700:INFO]  Share : 000000316823c4a6739c93eff70a8df10e8cfda435e3665082dfa499b8b063cf t=1699f79ffff res=0
2018-01-24 01:16:04.936 [7fbd4a7fc700:INFO]  Share : 00000025649ccad9c1f7f24ee6b10999cea11c7d73b5840a533e996a803a4cd8 t=1699f79ffff res=0
2018-01-24 01:16:14.937 [7fbd4a7fc700:INFO]  Share : 000000006471d186a963bb38d1c6ab5e0e6fecd57be71a0d650077c585534835 t=1699f79ffff res=0
2018-01-24 01:16:24.938 [7fbd4a7fc700:INFO]  Share : 000000006471d186a963bb38d1c6ab5e0e6fecd57be71a0d650077c585534835 t=1699f79ffff res=0
